<?xml version="1.0" encoding="UTF-8"?>
<!-- Generated by org.testng.reporters.JUnitXMLReporter -->
<testsuite ignored="0" hostname="DESKTOP-RSP3RN4" failures="0" tests="6" name="Test" time="154.064" errors="0" timestamp="21 Jun 2023 13:29:40 GMT">
  <testcase classname="Grid.GridDemo" name="test1" time="41.282"/>
  <testcase classname="Grid.GridDemo" name="test2" time="21.226"/>
  <testcase classname="Grid.GridDemo" name="test3" time="19.785"/>
  <testcase classname="Grid.GridDemo" name="test4" time="18.311"/>
  <testcase classname="Grid.GridDemo" name="test5" time="25.433"/>
  <testcase classname="Grid.GridDemo" name="test6" time="27.935"/>
</testsuite> <!-- Test -->
