<?xml version="1.0" encoding="UTF-8"?>
<testng-results ignored="0" total="2" passed="2" failed="0" skipped="0">
  <reporter-output>
  </reporter-output>
  <suite started-at="2023-06-21T13:32:28Z" name="Default suite" finished-at="2023-06-21T13:32:47Z" duration-ms="19380">
    <groups>
    </groups>
    <test started-at="2023-06-21T13:32:28Z" name="Default test" finished-at="2023-06-21T13:32:47Z" duration-ms="19380">
      <class name="Grid.LoginTestOnWindowsUsingChrome">
        <test-method signature="setup()[pri:1, instance:Grid.LoginTestOnWindowsUsingChrome@6239aba6]" started-at="2023-06-21T13:32:28Z" name="setup" finished-at="2023-06-21T13:32:34Z" duration-ms="5990" status="PASS">
          <reporter-output>
          </reporter-output>
        </test-method> <!-- setup -->
        <test-method signature="login()[pri:2, instance:Grid.LoginTestOnWindowsUsingChrome@6239aba6]" started-at="2023-06-21T13:32:34Z" name="login" finished-at="2023-06-21T13:32:47Z" duration-ms="13338" status="PASS">
          <reporter-output>
          </reporter-output>
        </test-method> <!-- login -->
      </class> <!-- Grid.LoginTestOnWindowsUsingChrome -->
    </test> <!-- Default test -->
  </suite> <!-- Default suite -->
</testng-results>
